TN:
SF:src/dynamicSwitch.ts
FN:7,(anonymous_0)
FN:11,(anonymous_2)
FN:18,(anonymous_3)
FN:19,everyChecker
FN:28,(anonymous_5)
FN:44,(anonymous_6)
FN:48,(anonymous_7)
FN:52,(anonymous_8)
FNF:8
FNH:7
FNDA:3,(anonymous_0)
FNDA:11,(anonymous_2)
FNDA:3,(anonymous_3)
FNDA:6,everyChecker
FNDA:3,(anonymous_5)
FNDA:1,(anonymous_6)
FNDA:1,(anonymous_7)
FNDA:0,(anonymous_8)
DA:7,1
DA:8,2
DA:9,2
DA:11,1
DA:12,11
DA:13,4
DA:15,11
DA:18,1
DA:20,6
DA:26,3
DA:28,3
DA:30,3
DA:31,3
DA:36,3
DA:38,1
DA:41,1
DA:42,1
DA:44,1
DA:45,1
DA:48,1
DA:49,1
DA:52,1
DA:53,0
DA:56,1
DA:62,1
LF:25
LH:24
BRDA:12,0,0,4
BRDA:12,0,1,7
BRF:2
BRH:2
end_of_record
